<?xml version="1.0" encoding="UTF-8"?>
<!-- Generated by org.testng.reporters.JUnitReportReporter -->
<testsuite hostname="DESKTOP-KANN9NC" failures="0" tests="1" name="testNGtests.OutCoins4" time="226.716" errors="0" timestamp="2024-01-31T09:57:34 CST" skipped="0">
  <testcase classname="testNGtests.OutCoins4" name="captureCoin" time="226.716"/>
  <system-out/>
</testsuite> <!-- testNGtests.OutCoins4 -->
